20170214 11:20:32PM,Downloads,ERROR   ,The file, ~/Repos/test/quality/private/SystemR/admin/directories.csv, does not exist
20170214 11:23:00PM,Downloads,DEBUG   ,
20170214 11:23:00PM,Downloads,INFO    ,OK        : AUD   : 201703: 1  : Position is OK
20170214 11:23:00PM,Downloads,INFO    ,OK        : GBM   : 201703: 4  : Position is OK
20170214 11:23:00PM,Downloads,INFO    ,OK        : GBL   : 201703: 1  : Position is OK
20170214 11:23:00PM,Downloads,INFO    ,OK        : ZC    : 201712: -1 : Position is OK
20170214 11:23:00PM,Downloads,INFO    ,OK        : EUR   : 201703: -1 : Position is OK
20170214 11:23:00PM,Downloads,INFO    ,OK        : NG    : 201704: -2 : Position is OK
20170214 11:23:00PM,Downloads,INFO    ,OK        : GBP   : 201703: -1 : Position is OK
20170214 11:23:00PM,Downloads,INFO    ,OK        : JPY   : 201703: -1 : Position is OK
20170214 11:23:00PM,Downloads,INFO    ,OK        : K200  : 201703: 1  : Position is OK
20170214 11:23:00PM,Downloads,INFO    ,OK        : FLKTB : 201703: -2 : Position is OK
20170214 11:23:00PM,Downloads,INFO    ,OK        : 3KTB  : 201703: -2 : Position is OK
20170214 11:23:00PM,Downloads,INFO    ,OK        : HE    : 201706: 2  : Position is OK
20170214 11:23:00PM,Downloads,INFO    ,OK        : LE    : 201710: -1 : Position is OK
20170214 11:23:00PM,Downloads,INFO    ,OK        : MXP   : 201703: 1  : Position is OK
20170214 11:23:00PM,Downloads,INFO    ,OK        : NQ    : 201703: 1  : Position is OK
20170214 11:23:00PM,Downloads,INFO    ,OK        : ZS    : 201711: 2  : Position is OK
20170214 11:23:00PM,Downloads,INFO    ,OK        : ZT    : 201703: 2  : Position is OK
20170214 11:23:00PM,Downloads,INFO    ,OK        : V2TX  : 201704: -11: Position is OK
20170214 11:23:00PM,Downloads,INFO    ,OK        : VIX   : 201704: -3 : Position is OK
20170214 11:23:00PM,Downloads,INFO    ,OK        : ZW    : 201712: -2 : Position is OK
20170214 11:23:00PM,Downloads,DEBUG   ,
20170214 11:23:00PM,Downloads,ERROR   ,ROLL      : CAC40     : from 201703 to 201702
20170214 11:32:37PM,Downloads,ERROR   ,No module named 'swigibpy'
Traceback (most recent call last):
  File "prod8_re.py", line 175, in <module>
    main()
  File "prod8_re.py", line 64, in main
    from wrapper_v5 import IBWrapper, IBclient
  File "/home/pete/Repos/test/quality/private/SystemR/wrapper_v5.py", line 1, in <module>
    from swigibpy import EWrapper
ImportError: No module named 'swigibpy'
20170214 11:37:33PM,Downloads,ERROR   ,name 'sys' is not defined
Traceback (most recent call last):
  File "/home/pete/Repos/test/quality/private/SystemR/prod8_re.py", line 188, in <module>
    main()
  File "/home/pete/Repos/test/quality/private/SystemR/prod8_re.py", line 69, in main
    print("sys.executable: ", sys.executable)
NameError: name 'sys' is not defined
20170214 11:38:06PM,Downloads,DEBUG   ,
20170214 11:38:06PM,Downloads,INFO    ,OK        : AUD   : 201703: 1  : Position is OK
20170214 11:38:06PM,Downloads,INFO    ,OK        : GBM   : 201703: 4  : Position is OK
20170214 11:38:06PM,Downloads,INFO    ,OK        : GBL   : 201703: 1  : Position is OK
20170214 11:38:06PM,Downloads,INFO    ,OK        : ZC    : 201712: -1 : Position is OK
20170214 11:38:06PM,Downloads,INFO    ,OK        : EUR   : 201703: -1 : Position is OK
20170214 11:38:06PM,Downloads,INFO    ,OK        : NG    : 201704: -2 : Position is OK
20170214 11:38:06PM,Downloads,INFO    ,OK        : GBP   : 201703: -1 : Position is OK
20170214 11:38:06PM,Downloads,INFO    ,OK        : JPY   : 201703: -1 : Position is OK
20170214 11:38:06PM,Downloads,INFO    ,OK        : K200  : 201703: 1  : Position is OK
20170214 11:38:06PM,Downloads,INFO    ,OK        : FLKTB : 201703: -2 : Position is OK
20170214 11:38:06PM,Downloads,INFO    ,OK        : 3KTB  : 201703: -2 : Position is OK
20170214 11:38:06PM,Downloads,INFO    ,OK        : HE    : 201706: 2  : Position is OK
20170214 11:38:06PM,Downloads,INFO    ,OK        : LE    : 201710: -1 : Position is OK
20170214 11:38:06PM,Downloads,INFO    ,OK        : MXP   : 201703: 1  : Position is OK
20170214 11:38:06PM,Downloads,INFO    ,OK        : NQ    : 201703: 1  : Position is OK
20170214 11:38:06PM,Downloads,INFO    ,OK        : ZS    : 201711: 2  : Position is OK
20170214 11:38:06PM,Downloads,INFO    ,OK        : ZT    : 201703: 2  : Position is OK
20170214 11:38:06PM,Downloads,INFO    ,OK        : V2TX  : 201704: -11: Position is OK
20170214 11:38:06PM,Downloads,INFO    ,OK        : VIX   : 201704: -3 : Position is OK
20170214 11:38:06PM,Downloads,INFO    ,OK        : ZW    : 201712: -2 : Position is OK
20170214 11:38:06PM,Downloads,DEBUG   ,
20170214 11:38:06PM,Downloads,ERROR   ,ROLL      : CAC40     : from 201703 to 201702
20170214 11:49:30PM,Downloads,ERROR   ,No module named 'swigibpy'
Traceback (most recent call last):
  File "prod8_re.py", line 188, in <module>
    main()
  File "prod8_re.py", line 64, in main
    from wrapper_v5 import IBWrapper, IBclient
  File "/home/pete/Repos/test/quality/private/SystemR/wrapper_v5.py", line 1, in <module>
    from swigibpy import EWrapper
ImportError: No module named 'swigibpy'
20170215 12:48:56AM,Downloads,DEBUG   ,
20170215 12:48:56AM,Downloads,INFO    ,OK        : AUD   : 201703: 1  : Position is OK
20170215 12:48:56AM,Downloads,INFO    ,OK        : GBM   : 201703: 4  : Position is OK
20170215 12:48:56AM,Downloads,INFO    ,OK        : GBL   : 201703: 1  : Position is OK
20170215 12:48:56AM,Downloads,INFO    ,OK        : ZC    : 201712: -1 : Position is OK
20170215 12:48:56AM,Downloads,INFO    ,OK        : EUR   : 201703: -1 : Position is OK
20170215 12:48:56AM,Downloads,INFO    ,OK        : NG    : 201704: -2 : Position is OK
20170215 12:48:56AM,Downloads,INFO    ,OK        : GBP   : 201703: -1 : Position is OK
20170215 12:48:56AM,Downloads,INFO    ,OK        : JPY   : 201703: -1 : Position is OK
20170215 12:48:56AM,Downloads,INFO    ,OK        : K200  : 201703: 1  : Position is OK
20170215 12:48:56AM,Downloads,INFO    ,OK        : 3KTB  : 201703: -2 : Position is OK
20170215 12:48:56AM,Downloads,INFO    ,OK        : HE    : 201706: 2  : Position is OK
20170215 12:48:56AM,Downloads,INFO    ,OK        : LE    : 201710: -1 : Position is OK
20170215 12:48:56AM,Downloads,INFO    ,OK        : MXP   : 201703: 1  : Position is OK
20170215 12:48:56AM,Downloads,INFO    ,OK        : NQ    : 201703: 1  : Position is OK
20170215 12:48:56AM,Downloads,INFO    ,OK        : ZS    : 201711: 2  : Position is OK
20170215 12:48:56AM,Downloads,INFO    ,OK        : ZT    : 201703: 2  : Position is OK
20170215 12:48:56AM,Downloads,INFO    ,OK        : V2TX  : 201704: -11: Position is OK
20170215 12:48:56AM,Downloads,INFO    ,OK        : VIX   : 201704: -3 : Position is OK
20170215 12:48:56AM,Downloads,INFO    ,OK        : ZW    : 201712: -2 : Position is OK
20170215 12:48:56AM,Downloads,DEBUG   ,
20170215 12:48:56AM,Downloads,ERROR   ,ROLL      : CAC40     : from 201703 to 201702
20170215 12:48:56AM,Downloads,ERROR   ,BUY       : FLKTB 201703: Buy 1 contracts
20170215 11:03:44AM,Downloads,DEBUG   ,
20170215 11:03:44AM,Downloads,INFO    ,OK        : AUD   : 201703: 1  : Position is OK
20170215 11:03:44AM,Downloads,INFO    ,OK        : GBM   : 201703: 4  : Position is OK
20170215 11:03:44AM,Downloads,INFO    ,OK        : GBL   : 201703: 1  : Position is OK
20170215 11:03:44AM,Downloads,INFO    ,OK        : ZC    : 201712: -1 : Position is OK
20170215 11:03:44AM,Downloads,INFO    ,OK        : EUR   : 201703: -1 : Position is OK
20170215 11:03:44AM,Downloads,INFO    ,OK        : NG    : 201704: -2 : Position is OK
20170215 11:03:44AM,Downloads,INFO    ,OK        : GBP   : 201703: -1 : Position is OK
20170215 11:03:44AM,Downloads,INFO    ,OK        : JPY   : 201703: -1 : Position is OK
20170215 11:03:44AM,Downloads,INFO    ,OK        : K200  : 201703: 1  : Position is OK
20170215 11:03:44AM,Downloads,INFO    ,OK        : 3KTB  : 201703: -2 : Position is OK
20170215 11:03:44AM,Downloads,INFO    ,OK        : HE    : 201706: 2  : Position is OK
20170215 11:03:44AM,Downloads,INFO    ,OK        : LE    : 201710: -1 : Position is OK
20170215 11:03:44AM,Downloads,INFO    ,OK        : MXP   : 201703: 1  : Position is OK
20170215 11:03:44AM,Downloads,INFO    ,OK        : NQ    : 201703: 1  : Position is OK
20170215 11:03:44AM,Downloads,INFO    ,OK        : ZS    : 201711: 2  : Position is OK
20170215 11:03:44AM,Downloads,INFO    ,OK        : ZT    : 201703: 2  : Position is OK
20170215 11:03:44AM,Downloads,INFO    ,OK        : VIX   : 201704: -3 : Position is OK
20170215 11:03:44AM,Downloads,INFO    ,OK        : ZW    : 201712: -2 : Position is OK
20170215 11:03:44AM,Downloads,DEBUG   ,
20170215 11:03:44AM,Downloads,ERROR   ,ROLL      : CAC40     : from 201703 to 201702
20170215 11:03:44AM,Downloads,ERROR   ,BUY       : FLKTB 201703: Buy 1 contracts
20170215 11:03:44AM,Downloads,ERROR   ,SELL      : V2TX  201704: Sell 1 contracts
20170215 05:33:59PM,Downloads,DEBUG   ,
20170215 05:33:59PM,Downloads,INFO    ,OK        : AUD   : 201703: 1  : Position is OK
20170215 05:33:59PM,Downloads,INFO    ,OK        : GBM   : 201703: 4  : Position is OK
20170215 05:33:59PM,Downloads,INFO    ,OK        : GBL   : 201703: 1  : Position is OK
20170215 05:33:59PM,Downloads,INFO    ,OK        : ZC    : 201712: -1 : Position is OK
20170215 05:33:59PM,Downloads,INFO    ,OK        : EUR   : 201703: -1 : Position is OK
20170215 05:33:59PM,Downloads,INFO    ,OK        : NG    : 201704: -2 : Position is OK
20170215 05:33:59PM,Downloads,INFO    ,OK        : GBP   : 201703: -1 : Position is OK
20170215 05:33:59PM,Downloads,INFO    ,OK        : JPY   : 201703: -1 : Position is OK
20170215 05:33:59PM,Downloads,INFO    ,OK        : K200  : 201703: 1  : Position is OK
20170215 05:33:59PM,Downloads,INFO    ,OK        : 3KTB  : 201703: -2 : Position is OK
20170215 05:33:59PM,Downloads,INFO    ,OK        : HE    : 201706: 2  : Position is OK
20170215 05:33:59PM,Downloads,INFO    ,OK        : LE    : 201710: -1 : Position is OK
20170215 05:33:59PM,Downloads,INFO    ,OK        : MXP   : 201703: 1  : Position is OK
20170215 05:33:59PM,Downloads,INFO    ,OK        : NQ    : 201703: 1  : Position is OK
20170215 05:33:59PM,Downloads,INFO    ,OK        : ZS    : 201711: 2  : Position is OK
20170215 05:33:59PM,Downloads,INFO    ,OK        : ZT    : 201703: 2  : Position is OK
20170215 05:33:59PM,Downloads,INFO    ,OK        : V2TX  : 201704: -12: Position is OK
20170215 05:33:59PM,Downloads,INFO    ,OK        : VIX   : 201704: -3 : Position is OK
20170215 05:33:59PM,Downloads,INFO    ,OK        : ZW    : 201712: -2 : Position is OK
20170215 05:33:59PM,Downloads,DEBUG   ,
20170215 05:33:59PM,Downloads,ERROR   ,ROLL      : CAC40     : from 201703 to 201702
20170215 05:33:59PM,Downloads,ERROR   ,BUY       : FLKTB 201703: Buy 1 contracts
20170215 05:39:48PM,Downloads,DEBUG   ,
20170215 05:39:48PM,Downloads,INFO    ,OK        : AUD   : 201703: 1  : Position is OK
20170215 05:39:48PM,Downloads,INFO    ,OK        : GBM   : 201703: 4  : Position is OK
20170215 05:39:48PM,Downloads,INFO    ,OK        : GBL   : 201703: 1  : Position is OK
20170215 05:39:48PM,Downloads,INFO    ,OK        : ZC    : 201712: -1 : Position is OK
20170215 05:39:48PM,Downloads,INFO    ,OK        : EUR   : 201703: -1 : Position is OK
20170215 05:39:48PM,Downloads,INFO    ,OK        : NG    : 201704: -2 : Position is OK
20170215 05:39:48PM,Downloads,INFO    ,OK        : GBP   : 201703: -1 : Position is OK
20170215 05:39:48PM,Downloads,INFO    ,OK        : JPY   : 201703: -1 : Position is OK
20170215 05:39:48PM,Downloads,INFO    ,OK        : K200  : 201703: 1  : Position is OK
20170215 05:39:48PM,Downloads,INFO    ,OK        : 3KTB  : 201703: -2 : Position is OK
20170215 05:39:48PM,Downloads,INFO    ,OK        : HE    : 201706: 2  : Position is OK
20170215 05:39:48PM,Downloads,INFO    ,OK        : LE    : 201710: -1 : Position is OK
20170215 05:39:48PM,Downloads,INFO    ,OK        : MXP   : 201703: 1  : Position is OK
20170215 05:39:48PM,Downloads,INFO    ,OK        : NQ    : 201703: 1  : Position is OK
20170215 05:39:48PM,Downloads,INFO    ,OK        : ZS    : 201711: 2  : Position is OK
20170215 05:39:48PM,Downloads,INFO    ,OK        : ZT    : 201703: 2  : Position is OK
20170215 05:39:48PM,Downloads,INFO    ,OK        : V2TX  : 201704: -12: Position is OK
20170215 05:39:48PM,Downloads,INFO    ,OK        : VIX   : 201704: -3 : Position is OK
20170215 05:39:48PM,Downloads,INFO    ,OK        : ZW    : 201712: -2 : Position is OK
20170215 05:39:48PM,Downloads,DEBUG   ,
20170215 05:39:48PM,Downloads,ERROR   ,ROLL      : CAC40     : from 201703 to 201702
20170215 05:39:48PM,Downloads,ERROR   ,BUY       : FLKTB 201703: Buy 1 contracts
20170215 05:41:05PM,Downloads,DEBUG   ,
20170215 05:41:05PM,Downloads,INFO    ,OK        : AUD   : 201703: 1  : Position is OK
20170215 05:41:05PM,Downloads,INFO    ,OK        : GBM   : 201703: 4  : Position is OK
20170215 05:41:05PM,Downloads,INFO    ,OK        : GBL   : 201703: 1  : Position is OK
20170215 05:41:05PM,Downloads,INFO    ,OK        : ZC    : 201712: -1 : Position is OK
20170215 05:41:05PM,Downloads,INFO    ,OK        : EUR   : 201703: -1 : Position is OK
20170215 05:41:05PM,Downloads,INFO    ,OK        : NG    : 201704: -2 : Position is OK
20170215 05:41:05PM,Downloads,INFO    ,OK        : GBP   : 201703: -1 : Position is OK
20170215 05:41:05PM,Downloads,INFO    ,OK        : JPY   : 201703: -1 : Position is OK
20170215 05:41:05PM,Downloads,INFO    ,OK        : K200  : 201703: 1  : Position is OK
20170215 05:41:05PM,Downloads,INFO    ,OK        : 3KTB  : 201703: -2 : Position is OK
20170215 05:41:05PM,Downloads,INFO    ,OK        : HE    : 201706: 2  : Position is OK
20170215 05:41:05PM,Downloads,INFO    ,OK        : LE    : 201710: -1 : Position is OK
20170215 05:41:05PM,Downloads,INFO    ,OK        : MXP   : 201703: 1  : Position is OK
20170215 05:41:05PM,Downloads,INFO    ,OK        : NQ    : 201703: 1  : Position is OK
20170215 05:41:05PM,Downloads,INFO    ,OK        : ZS    : 201711: 2  : Position is OK
20170215 05:41:05PM,Downloads,INFO    ,OK        : ZT    : 201703: 2  : Position is OK
20170215 05:41:05PM,Downloads,INFO    ,OK        : V2TX  : 201704: -12: Position is OK
20170215 05:41:05PM,Downloads,INFO    ,OK        : VIX   : 201704: -3 : Position is OK
20170215 05:41:05PM,Downloads,INFO    ,OK        : ZW    : 201712: -2 : Position is OK
20170215 05:41:05PM,Downloads,DEBUG   ,
20170215 05:41:05PM,Downloads,ERROR   ,ROLL      : CAC40     : from 201703 to 201702
20170215 05:41:05PM,Downloads,ERROR   ,BUY       : FLKTB 201703: Buy 1 contracts
20170215 05:41:53PM,Downloads,ERROR   ,No module named 'swigibpy'
Traceback (most recent call last):
  File "prod8_re.py", line 188, in <module>
    main()
  File "prod8_re.py", line 64, in main
    from wrapper_v5 import IBWrapper, IBclient
  File "/home/pete/Repos/test/quality/private/SystemR/wrapper_v5.py", line 1, in <module>
    from swigibpy import EWrapper
ImportError: No module named 'swigibpy'
20170216 01:55:09AM,Downloads,DEBUG   ,
20170216 01:55:09AM,Downloads,INFO    ,OK        : AUD   : 201703: 1  : Position is OK
20170216 01:55:09AM,Downloads,INFO    ,OK        : GBM   : 201703: 4  : Position is OK
20170216 01:55:09AM,Downloads,INFO    ,OK        : GBL   : 201703: 1  : Position is OK
20170216 01:55:09AM,Downloads,INFO    ,OK        : ZC    : 201712: -1 : Position is OK
20170216 01:55:09AM,Downloads,INFO    ,OK        : EUR   : 201703: -1 : Position is OK
20170216 01:55:09AM,Downloads,INFO    ,OK        : NG    : 201704: -2 : Position is OK
20170216 01:55:09AM,Downloads,INFO    ,OK        : GBP   : 201703: -1 : Position is OK
20170216 01:55:09AM,Downloads,INFO    ,OK        : JPY   : 201703: -1 : Position is OK
20170216 01:55:09AM,Downloads,INFO    ,OK        : K200  : 201703: 1  : Position is OK
20170216 01:55:09AM,Downloads,INFO    ,OK        : 3KTB  : 201703: -2 : Position is OK
20170216 01:55:09AM,Downloads,INFO    ,OK        : HE    : 201706: 2  : Position is OK
20170216 01:55:09AM,Downloads,INFO    ,OK        : LE    : 201710: -1 : Position is OK
20170216 01:55:09AM,Downloads,INFO    ,OK        : NQ    : 201703: 1  : Position is OK
20170216 01:55:09AM,Downloads,INFO    ,OK        : ZT    : 201703: 2  : Position is OK
20170216 01:55:09AM,Downloads,INFO    ,OK        : V2TX  : 201704: -12: Position is OK
20170216 01:55:09AM,Downloads,INFO    ,OK        : VIX   : 201704: -3 : Position is OK
20170216 01:55:09AM,Downloads,INFO    ,OK        : ZW    : 201712: -2 : Position is OK
20170216 01:55:09AM,Downloads,DEBUG   ,
20170216 01:55:09AM,Downloads,ERROR   ,ROLL      : CAC40     : from 201703 to 201702
20170216 01:55:09AM,Downloads,ERROR   ,BUY       : FLKTB 201703: Buy 1 contracts
20170216 01:55:09AM,Downloads,ERROR   ,BUY       : MXP   201703: Buy 1 contracts
20170216 01:55:09AM,Downloads,ERROR   ,BUY       : ZS    201711: Buy 1 contracts
20170216 08:45:28AM,Downloads,DEBUG   ,
20170216 08:45:28AM,Downloads,INFO    ,OK        : AUD   : 201703: 1  : Position is OK
20170216 08:45:28AM,Downloads,INFO    ,OK        : GBM   : 201703: 4  : Position is OK
20170216 08:45:28AM,Downloads,INFO    ,OK        : GBL   : 201703: 1  : Position is OK
20170216 08:45:28AM,Downloads,INFO    ,OK        : ZC    : 201712: -1 : Position is OK
20170216 08:45:28AM,Downloads,INFO    ,OK        : EUR   : 201703: -1 : Position is OK
20170216 08:45:28AM,Downloads,INFO    ,OK        : NG    : 201704: -2 : Position is OK
20170216 08:45:28AM,Downloads,INFO    ,OK        : GBP   : 201703: -1 : Position is OK
20170216 08:45:28AM,Downloads,INFO    ,OK        : JPY   : 201703: -1 : Position is OK
20170216 08:45:28AM,Downloads,INFO    ,OK        : K200  : 201703: 1  : Position is OK
20170216 08:45:28AM,Downloads,INFO    ,OK        : FLKTB : 201703: -1 : Position is OK
20170216 08:45:28AM,Downloads,INFO    ,OK        : 3KTB  : 201703: -2 : Position is OK
20170216 08:45:28AM,Downloads,INFO    ,OK        : HE    : 201706: 2  : Position is OK
20170216 08:45:28AM,Downloads,INFO    ,OK        : LE    : 201710: -1 : Position is OK
20170216 08:45:28AM,Downloads,INFO    ,OK        : MXP   : 201703: 2  : Position is OK
20170216 08:45:28AM,Downloads,INFO    ,OK        : NQ    : 201703: 1  : Position is OK
20170216 08:45:28AM,Downloads,INFO    ,OK        : ZS    : 201711: 3  : Position is OK
20170216 08:45:28AM,Downloads,INFO    ,OK        : ZT    : 201703: 2  : Position is OK
20170216 08:45:28AM,Downloads,INFO    ,OK        : V2TX  : 201704: -12: Position is OK
20170216 08:45:28AM,Downloads,INFO    ,OK        : VIX   : 201704: -3 : Position is OK
20170216 08:45:28AM,Downloads,INFO    ,OK        : ZW    : 201712: -2 : Position is OK
20170216 08:45:28AM,Downloads,DEBUG   ,
20170216 08:45:28AM,Downloads,ERROR   ,ROLL      : CAC40     : from 201703 to 201702
20170216 09:16:47AM,Downloads,DEBUG   ,
20170216 09:16:47AM,Downloads,INFO    ,OK        : AUD   : 201703: 1  : Position is OK
20170216 09:16:47AM,Downloads,INFO    ,OK        : GBM   : 201703: 4  : Position is OK
20170216 09:16:47AM,Downloads,INFO    ,OK        : GBL   : 201703: 1  : Position is OK
20170216 09:16:47AM,Downloads,INFO    ,OK        : ZC    : 201712: -1 : Position is OK
20170216 09:16:47AM,Downloads,INFO    ,OK        : EUR   : 201703: -1 : Position is OK
20170216 09:16:47AM,Downloads,INFO    ,OK        : NG    : 201704: -2 : Position is OK
20170216 09:16:47AM,Downloads,INFO    ,OK        : GBP   : 201703: -1 : Position is OK
20170216 09:16:47AM,Downloads,INFO    ,OK        : JPY   : 201703: -1 : Position is OK
20170216 09:16:47AM,Downloads,INFO    ,OK        : K200  : 201703: 1  : Position is OK
20170216 09:16:47AM,Downloads,INFO    ,OK        : FLKTB : 201703: -1 : Position is OK
20170216 09:16:47AM,Downloads,INFO    ,OK        : 3KTB  : 201703: -2 : Position is OK
20170216 09:16:47AM,Downloads,INFO    ,OK        : HE    : 201706: 2  : Position is OK
20170216 09:16:47AM,Downloads,INFO    ,OK        : LE    : 201710: -1 : Position is OK
20170216 09:16:47AM,Downloads,INFO    ,OK        : MXP   : 201703: 2  : Position is OK
20170216 09:16:47AM,Downloads,INFO    ,OK        : NQ    : 201703: 1  : Position is OK
20170216 09:16:47AM,Downloads,INFO    ,OK        : ZT    : 201703: 2  : Position is OK
20170216 09:16:47AM,Downloads,INFO    ,OK        : V2TX  : 201704: -12: Position is OK
20170216 09:16:47AM,Downloads,INFO    ,OK        : VIX   : 201704: -3 : Position is OK
20170216 09:16:47AM,Downloads,INFO    ,OK        : ZW    : 201712: -2 : Position is OK
20170216 09:16:47AM,Downloads,DEBUG   ,
20170216 09:16:47AM,Downloads,ERROR   ,ROLL      : CAC40     : from 201703 to 201702
20170216 09:16:47AM,Downloads,ERROR   ,SELL      : ZS    201711: Sell 1 contracts
20170217 01:44:05AM,Downloads,DEBUG   ,
20170217 01:44:05AM,Downloads,INFO    ,OK        : AUD   : 201703: 1  : Position is OK
20170217 01:44:05AM,Downloads,INFO    ,OK        : GBM   : 201703: 4  : Position is OK
20170217 01:44:05AM,Downloads,INFO    ,OK        : GBL   : 201703: 1  : Position is OK
20170217 01:44:05AM,Downloads,INFO    ,OK        : ZC    : 201712: -1 : Position is OK
20170217 01:44:05AM,Downloads,INFO    ,OK        : NG    : 201704: -2 : Position is OK
20170217 01:44:05AM,Downloads,INFO    ,OK        : GBP   : 201703: -1 : Position is OK
20170217 01:44:05AM,Downloads,INFO    ,OK        : JPY   : 201703: -1 : Position is OK
20170217 01:44:05AM,Downloads,INFO    ,OK        : K200  : 201703: 1  : Position is OK
20170217 01:44:05AM,Downloads,INFO    ,OK        : FLKTB : 201703: -1 : Position is OK
20170217 01:44:05AM,Downloads,INFO    ,OK        : 3KTB  : 201703: -2 : Position is OK
20170217 01:44:05AM,Downloads,INFO    ,OK        : HE    : 201706: 2  : Position is OK
20170217 01:44:05AM,Downloads,INFO    ,OK        : LE    : 201710: -1 : Position is OK
20170217 01:44:05AM,Downloads,INFO    ,OK        : MXP   : 201703: 2  : Position is OK
20170217 01:44:05AM,Downloads,INFO    ,OK        : NQ    : 201703: 1  : Position is OK
20170217 01:44:05AM,Downloads,INFO    ,OK        : ZS    : 201711: 2  : Position is OK
20170217 01:44:05AM,Downloads,INFO    ,OK        : ZT    : 201703: 2  : Position is OK
20170217 01:44:05AM,Downloads,INFO    ,OK        : V2TX  : 201704: -12: Position is OK
20170217 01:44:05AM,Downloads,INFO    ,OK        : VIX   : 201704: -3 : Position is OK
20170217 01:44:05AM,Downloads,INFO    ,OK        : ZW    : 201712: -2 : Position is OK
20170217 01:44:05AM,Downloads,DEBUG   ,
20170217 01:44:05AM,Downloads,ERROR   ,ROLL      : CAC40     : from 201703 to 201702
20170217 01:44:05AM,Downloads,ERROR   ,BUY       : EUR   201703: Buy 1 contracts
20170217 09:00:24AM,Downloads,DEBUG   ,
20170217 09:00:24AM,Downloads,INFO    ,OK        : AUD   : 201703: 1  : Position is OK
20170217 09:00:24AM,Downloads,INFO    ,OK        : GBM   : 201703: 4  : Position is OK
20170217 09:00:24AM,Downloads,INFO    ,OK        : GBL   : 201703: 1  : Position is OK
20170217 09:00:24AM,Downloads,INFO    ,OK        : ZC    : 201712: -1 : Position is OK
20170217 09:00:24AM,Downloads,INFO    ,OK        : NG    : 201704: -2 : Position is OK
20170217 09:00:24AM,Downloads,INFO    ,OK        : GBP   : 201703: -1 : Position is OK
20170217 09:00:24AM,Downloads,INFO    ,OK        : JPY   : 201703: -1 : Position is OK
20170217 09:00:24AM,Downloads,INFO    ,OK        : K200  : 201703: 1  : Position is OK
20170217 09:00:24AM,Downloads,INFO    ,OK        : FLKTB : 201703: -1 : Position is OK
20170217 09:00:24AM,Downloads,INFO    ,OK        : 3KTB  : 201703: -2 : Position is OK
20170217 09:00:24AM,Downloads,INFO    ,OK        : HE    : 201706: 2  : Position is OK
20170217 09:00:24AM,Downloads,INFO    ,OK        : LE    : 201710: -1 : Position is OK
20170217 09:00:24AM,Downloads,INFO    ,OK        : MXP   : 201703: 2  : Position is OK
20170217 09:00:24AM,Downloads,INFO    ,OK        : NQ    : 201703: 1  : Position is OK
20170217 09:00:24AM,Downloads,INFO    ,OK        : ZS    : 201711: 2  : Position is OK
20170217 09:00:24AM,Downloads,INFO    ,OK        : ZT    : 201703: 2  : Position is OK
20170217 09:00:24AM,Downloads,INFO    ,OK        : V2TX  : 201704: -12: Position is OK
20170217 09:00:24AM,Downloads,INFO    ,OK        : VIX   : 201704: -3 : Position is OK
20170217 09:00:24AM,Downloads,INFO    ,OK        : ZW    : 201712: -2 : Position is OK
20170217 09:00:24AM,Downloads,DEBUG   ,
20170217 09:00:24AM,Downloads,ERROR   ,ROLL      : CAC40     : from 201703 to 201702
20170217 09:00:24AM,Downloads,ERROR   ,BUY       : EUR   201703: Buy 1 contracts
20170217 05:03:09PM,Downloads,DEBUG   ,
20170217 05:03:09PM,Downloads,INFO    ,OK        : AUD   : 201703: 1  : Position is OK
20170217 05:03:09PM,Downloads,INFO    ,OK        : GBM   : 201703: 4  : Position is OK
20170217 05:03:09PM,Downloads,INFO    ,OK        : GBL   : 201703: 1  : Position is OK
20170217 05:03:09PM,Downloads,INFO    ,OK        : ZC    : 201712: -1 : Position is OK
20170217 05:03:09PM,Downloads,INFO    ,OK        : NG    : 201704: -2 : Position is OK
20170217 05:03:09PM,Downloads,INFO    ,OK        : GBP   : 201703: -1 : Position is OK
20170217 05:03:09PM,Downloads,INFO    ,OK        : JPY   : 201703: -1 : Position is OK
20170217 05:03:09PM,Downloads,INFO    ,OK        : K200  : 201703: 1  : Position is OK
20170217 05:03:09PM,Downloads,INFO    ,OK        : FLKTB : 201703: -1 : Position is OK
20170217 05:03:09PM,Downloads,INFO    ,OK        : 3KTB  : 201703: -2 : Position is OK
20170217 05:03:09PM,Downloads,INFO    ,OK        : HE    : 201706: 2  : Position is OK
20170217 05:03:09PM,Downloads,INFO    ,OK        : LE    : 201710: -1 : Position is OK
20170217 05:03:09PM,Downloads,INFO    ,OK        : MXP   : 201703: 2  : Position is OK
20170217 05:03:09PM,Downloads,INFO    ,OK        : NQ    : 201703: 1  : Position is OK
20170217 05:03:09PM,Downloads,INFO    ,OK        : ZS    : 201711: 2  : Position is OK
20170217 05:03:09PM,Downloads,INFO    ,OK        : ZT    : 201703: 2  : Position is OK
20170217 05:03:09PM,Downloads,INFO    ,OK        : V2TX  : 201704: -12: Position is OK
20170217 05:03:09PM,Downloads,INFO    ,OK        : VIX   : 201704: -3 : Position is OK
20170217 05:03:09PM,Downloads,INFO    ,OK        : ZW    : 201712: -2 : Position is OK
20170217 05:03:09PM,Downloads,DEBUG   ,
20170217 05:03:09PM,Downloads,ERROR   ,ROLL      : CAC40     : from 201703 to 201702
20170217 05:03:19PM,Downloads,DEBUG   ,
20170217 05:03:19PM,Downloads,INFO    ,OK        : AUD   : 201703: 1  : Position is OK
20170217 05:03:19PM,Downloads,INFO    ,OK        : GBM   : 201703: 4  : Position is OK
20170217 05:03:19PM,Downloads,INFO    ,OK        : GBL   : 201703: 1  : Position is OK
20170217 05:03:19PM,Downloads,INFO    ,OK        : ZC    : 201712: -1 : Position is OK
20170217 05:03:19PM,Downloads,INFO    ,OK        : NG    : 201704: -2 : Position is OK
20170217 05:03:19PM,Downloads,INFO    ,OK        : GBP   : 201703: -1 : Position is OK
20170217 05:03:19PM,Downloads,INFO    ,OK        : JPY   : 201703: -1 : Position is OK
20170217 05:03:19PM,Downloads,INFO    ,OK        : K200  : 201703: 1  : Position is OK
20170217 05:03:19PM,Downloads,INFO    ,OK        : FLKTB : 201703: -1 : Position is OK
20170217 05:03:19PM,Downloads,INFO    ,OK        : 3KTB  : 201703: -2 : Position is OK
20170217 05:03:19PM,Downloads,INFO    ,OK        : HE    : 201706: 2  : Position is OK
20170217 05:03:19PM,Downloads,INFO    ,OK        : LE    : 201710: -1 : Position is OK
20170217 05:03:19PM,Downloads,INFO    ,OK        : MXP   : 201703: 2  : Position is OK
20170217 05:03:19PM,Downloads,INFO    ,OK        : NQ    : 201703: 1  : Position is OK
20170217 05:03:19PM,Downloads,INFO    ,OK        : ZS    : 201711: 2  : Position is OK
20170217 05:03:19PM,Downloads,INFO    ,OK        : ZT    : 201703: 2  : Position is OK
20170217 05:03:19PM,Downloads,INFO    ,OK        : V2TX  : 201704: -12: Position is OK
20170217 05:03:19PM,Downloads,INFO    ,OK        : VIX   : 201704: -3 : Position is OK
20170217 05:03:19PM,Downloads,INFO    ,OK        : ZW    : 201712: -2 : Position is OK
20170217 05:03:19PM,Downloads,DEBUG   ,
20170217 05:03:19PM,Downloads,ERROR   ,ROLL      : CAC40     : from 201703 to 201702
20170217 10:10:19PM,Downloads,DEBUG   ,
20170217 10:10:19PM,Downloads,INFO    ,OK        : AUD   : 201703: 1  : Position is OK
20170217 10:10:19PM,Downloads,INFO    ,OK        : GBM   : 201703: 4  : Position is OK
20170217 10:10:19PM,Downloads,INFO    ,OK        : GBL   : 201703: 1  : Position is OK
20170217 10:10:19PM,Downloads,INFO    ,OK        : ZC    : 201712: -1 : Position is OK
20170217 10:10:19PM,Downloads,INFO    ,OK        : NG    : 201704: -2 : Position is OK
20170217 10:10:19PM,Downloads,INFO    ,OK        : GBP   : 201703: -1 : Position is OK
20170217 10:10:19PM,Downloads,INFO    ,OK        : JPY   : 201703: -1 : Position is OK
20170217 10:10:19PM,Downloads,INFO    ,OK        : K200  : 201703: 1  : Position is OK
20170217 10:10:19PM,Downloads,INFO    ,OK        : FLKTB : 201703: -1 : Position is OK
20170217 10:10:19PM,Downloads,INFO    ,OK        : 3KTB  : 201703: -2 : Position is OK
20170217 10:10:19PM,Downloads,INFO    ,OK        : HE    : 201706: 2  : Position is OK
20170217 10:10:19PM,Downloads,INFO    ,OK        : LE    : 201710: -1 : Position is OK
20170217 10:10:19PM,Downloads,INFO    ,OK        : MXP   : 201703: 2  : Position is OK
20170217 10:10:19PM,Downloads,INFO    ,OK        : NQ    : 201703: 1  : Position is OK
20170217 10:10:19PM,Downloads,INFO    ,OK        : ZS    : 201711: 2  : Position is OK
20170217 10:10:19PM,Downloads,INFO    ,OK        : ZT    : 201703: 2  : Position is OK
20170217 10:10:19PM,Downloads,INFO    ,OK        : V2TX  : 201704: -12: Position is OK
20170217 10:10:19PM,Downloads,INFO    ,OK        : VIX   : 201704: -3 : Position is OK
20170217 10:10:19PM,Downloads,INFO    ,OK        : ZW    : 201712: -2 : Position is OK
20170217 10:10:19PM,Downloads,DEBUG   ,
20170217 10:10:19PM,Downloads,ERROR   ,ROLL      : CAC40     : from 201703 to 201702
20170218 03:01:38PM,Downloads,DEBUG   ,
20170218 03:01:38PM,Downloads,INFO    ,OK        : AUD   : 201703: 1  : Position is OK
20170218 03:01:38PM,Downloads,INFO    ,OK        : GBM   : 201703: 4  : Position is OK
20170218 03:01:38PM,Downloads,INFO    ,OK        : GBL   : 201703: 1  : Position is OK
20170218 03:01:38PM,Downloads,INFO    ,OK        : ZC    : 201712: -1 : Position is OK
20170218 03:01:38PM,Downloads,INFO    ,OK        : NG    : 201704: -2 : Position is OK
20170218 03:01:38PM,Downloads,INFO    ,OK        : GBP   : 201703: -1 : Position is OK
20170218 03:01:38PM,Downloads,INFO    ,OK        : JPY   : 201703: -1 : Position is OK
20170218 03:01:38PM,Downloads,INFO    ,OK        : K200  : 201703: 1  : Position is OK
20170218 03:01:38PM,Downloads,INFO    ,OK        : FLKTB : 201703: -1 : Position is OK
20170218 03:01:38PM,Downloads,INFO    ,OK        : HE    : 201706: 2  : Position is OK
20170218 03:01:38PM,Downloads,INFO    ,OK        : LE    : 201710: -1 : Position is OK
20170218 03:01:38PM,Downloads,INFO    ,OK        : MXP   : 201703: 2  : Position is OK
20170218 03:01:38PM,Downloads,INFO    ,OK        : NQ    : 201703: 1  : Position is OK
20170218 03:01:38PM,Downloads,INFO    ,OK        : ZS    : 201711: 2  : Position is OK
20170218 03:01:38PM,Downloads,INFO    ,OK        : ZT    : 201703: 2  : Position is OK
20170218 03:01:38PM,Downloads,INFO    ,OK        : V2TX  : 201704: -12: Position is OK
20170218 03:01:38PM,Downloads,INFO    ,OK        : VIX   : 201704: -3 : Position is OK
20170218 03:01:38PM,Downloads,INFO    ,OK        : ZW    : 201712: -2 : Position is OK
20170218 03:01:38PM,Downloads,DEBUG   ,
20170218 03:01:38PM,Downloads,ERROR   ,SELL      : CAC40 201703: Sell 1 contracts
20170218 03:01:38PM,Downloads,ERROR   ,SELL      : 3KTB  201703: Sell 2 contracts
20170220 02:19:38AM,Downloads,DEBUG   ,
20170220 02:19:38AM,Downloads,INFO    ,OK        : AUD   : 201703: 1  : Position is OK
20170220 02:19:38AM,Downloads,INFO    ,OK        : GBM   : 201703: 4  : Position is OK
20170220 02:19:38AM,Downloads,INFO    ,OK        : GBL   : 201703: 1  : Position is OK
20170220 02:19:38AM,Downloads,INFO    ,OK        : ZC    : 201712: -1 : Position is OK
20170220 02:19:38AM,Downloads,INFO    ,OK        : NG    : 201704: -2 : Position is OK
20170220 02:19:38AM,Downloads,INFO    ,OK        : GBP   : 201703: -1 : Position is OK
20170220 02:19:38AM,Downloads,INFO    ,OK        : JPY   : 201703: -1 : Position is OK
20170220 02:19:38AM,Downloads,INFO    ,OK        : K200  : 201703: 1  : Position is OK
20170220 02:19:38AM,Downloads,INFO    ,OK        : FLKTB : 201703: -1 : Position is OK
20170220 02:19:38AM,Downloads,INFO    ,OK        : HE    : 201706: 2  : Position is OK
20170220 02:19:38AM,Downloads,INFO    ,OK        : LE    : 201710: -1 : Position is OK
20170220 02:19:38AM,Downloads,INFO    ,OK        : MXP   : 201703: 2  : Position is OK
20170220 02:19:38AM,Downloads,INFO    ,OK        : NQ    : 201703: 1  : Position is OK
20170220 02:19:38AM,Downloads,INFO    ,OK        : ZS    : 201711: 2  : Position is OK
20170220 02:19:38AM,Downloads,INFO    ,OK        : ZT    : 201703: 2  : Position is OK
20170220 02:19:38AM,Downloads,INFO    ,OK        : V2TX  : 201704: -12: Position is OK
20170220 02:19:38AM,Downloads,INFO    ,OK        : VIX   : 201704: -3 : Position is OK
20170220 02:19:38AM,Downloads,INFO    ,OK        : ZW    : 201712: -2 : Position is OK
20170220 02:19:38AM,Downloads,DEBUG   ,
20170220 02:19:38AM,Downloads,ERROR   ,SELL      : CAC40 201703: Sell 1 contracts
20170220 02:19:38AM,Downloads,ERROR   ,SELL      : 3KTB  201703: Sell 2 contracts
20170220 04:54:47PM,Downloads,DEBUG   ,
20170220 04:54:47PM,Downloads,INFO    ,OK        : AUD   : 201703: 1  : Position is OK
20170220 04:54:47PM,Downloads,INFO    ,OK        : GBM   : 201703: 4  : Position is OK
20170220 04:54:47PM,Downloads,INFO    ,OK        : GBL   : 201703: 1  : Position is OK
20170220 04:54:47PM,Downloads,INFO    ,OK        : ZC    : 201712: -1 : Position is OK
20170220 04:54:47PM,Downloads,INFO    ,OK        : NG    : 201704: -2 : Position is OK
20170220 04:54:47PM,Downloads,INFO    ,OK        : GBP   : 201703: -1 : Position is OK
20170220 04:54:47PM,Downloads,INFO    ,OK        : JPY   : 201703: -1 : Position is OK
20170220 04:54:47PM,Downloads,INFO    ,OK        : K200  : 201703: 1  : Position is OK
20170220 04:54:47PM,Downloads,INFO    ,OK        : FLKTB : 201703: -1 : Position is OK
20170220 04:54:47PM,Downloads,INFO    ,OK        : 3KTB  : 201703: -4 : Position is OK
20170220 04:54:47PM,Downloads,INFO    ,OK        : HE    : 201706: 2  : Position is OK
20170220 04:54:47PM,Downloads,INFO    ,OK        : LE    : 201710: -1 : Position is OK
20170220 04:54:47PM,Downloads,INFO    ,OK        : MXP   : 201703: 2  : Position is OK
20170220 04:54:47PM,Downloads,INFO    ,OK        : NQ    : 201703: 1  : Position is OK
20170220 04:54:47PM,Downloads,INFO    ,OK        : ZS    : 201711: 2  : Position is OK
20170220 04:54:47PM,Downloads,INFO    ,OK        : ZT    : 201703: 2  : Position is OK
20170220 04:54:47PM,Downloads,INFO    ,OK        : V2TX  : 201704: -12: Position is OK
20170220 04:54:47PM,Downloads,INFO    ,OK        : VIX   : 201704: -3 : Position is OK
20170220 04:54:47PM,Downloads,INFO    ,OK        : ZW    : 201712: -2 : Position is OK
20170220 04:54:47PM,Downloads,DEBUG   ,
20170220 04:54:47PM,Downloads,ERROR   ,SELL      : CAC40 201703: Sell 1 contracts
20170220 07:04:27PM,Downloads,DEBUG   ,
20170220 07:04:27PM,Downloads,INFO    ,OK        : AUD   : 201703: 1  : Position is OK
20170220 07:04:27PM,Downloads,INFO    ,OK        : GBM   : 201703: 4  : Position is OK
20170220 07:04:27PM,Downloads,INFO    ,OK        : GBL   : 201703: 1  : Position is OK
20170220 07:04:27PM,Downloads,INFO    ,OK        : ZC    : 201712: -1 : Position is OK
20170220 07:04:27PM,Downloads,INFO    ,OK        : NG    : 201704: -2 : Position is OK
20170220 07:04:27PM,Downloads,INFO    ,OK        : GBP   : 201703: -1 : Position is OK
20170220 07:04:27PM,Downloads,INFO    ,OK        : JPY   : 201703: -1 : Position is OK
20170220 07:04:27PM,Downloads,INFO    ,OK        : K200  : 201703: 1  : Position is OK
20170220 07:04:27PM,Downloads,INFO    ,OK        : FLKTB : 201703: -1 : Position is OK
20170220 07:04:27PM,Downloads,INFO    ,OK        : 3KTB  : 201703: -4 : Position is OK
20170220 07:04:27PM,Downloads,INFO    ,OK        : HE    : 201706: 2  : Position is OK
20170220 07:04:27PM,Downloads,INFO    ,OK        : LE    : 201710: -1 : Position is OK
20170220 07:04:27PM,Downloads,INFO    ,OK        : MXP   : 201703: 2  : Position is OK
20170220 07:04:27PM,Downloads,INFO    ,OK        : NQ    : 201703: 1  : Position is OK
20170220 07:04:27PM,Downloads,INFO    ,OK        : ZS    : 201711: 2  : Position is OK
20170220 07:04:27PM,Downloads,INFO    ,OK        : ZT    : 201703: 2  : Position is OK
20170220 07:04:27PM,Downloads,INFO    ,OK        : V2TX  : 201704: -12: Position is OK
20170220 07:04:27PM,Downloads,INFO    ,OK        : VIX   : 201704: -3 : Position is OK
20170220 07:04:27PM,Downloads,INFO    ,OK        : ZW    : 201712: -2 : Position is OK
20170220 07:04:27PM,Downloads,DEBUG   ,
20170221 12:58:36AM,Downloads,DEBUG   ,
20170221 12:58:36AM,Downloads,INFO    ,OK        : AUD   : 201703: 1  : Position is OK
20170221 12:58:36AM,Downloads,INFO    ,OK        : GBM   : 201703: 4  : Position is OK
20170221 12:58:36AM,Downloads,INFO    ,OK        : GBL   : 201703: 1  : Position is OK
20170221 12:58:36AM,Downloads,INFO    ,OK        : ZC    : 201712: -1 : Position is OK
20170221 12:58:36AM,Downloads,INFO    ,OK        : NG    : 201704: -2 : Position is OK
20170221 12:58:36AM,Downloads,INFO    ,OK        : GBP   : 201703: -1 : Position is OK
20170221 12:58:36AM,Downloads,INFO    ,OK        : JPY   : 201703: -1 : Position is OK
20170221 12:58:36AM,Downloads,INFO    ,OK        : K200  : 201703: 1  : Position is OK
20170221 12:58:36AM,Downloads,INFO    ,OK        : 3KTB  : 201703: -4 : Position is OK
20170221 12:58:36AM,Downloads,INFO    ,OK        : HE    : 201706: 2  : Position is OK
20170221 12:58:36AM,Downloads,INFO    ,OK        : LE    : 201710: -1 : Position is OK
20170221 12:58:36AM,Downloads,INFO    ,OK        : MXP   : 201703: 2  : Position is OK
20170221 12:58:36AM,Downloads,INFO    ,OK        : NQ    : 201703: 1  : Position is OK
20170221 12:58:36AM,Downloads,INFO    ,OK        : ZS    : 201711: 2  : Position is OK
20170221 12:58:36AM,Downloads,INFO    ,OK        : ZT    : 201703: 2  : Position is OK
20170221 12:58:36AM,Downloads,INFO    ,OK        : V2TX  : 201704: -12: Position is OK
20170221 12:58:36AM,Downloads,INFO    ,OK        : VIX   : 201704: -3 : Position is OK
20170221 12:58:36AM,Downloads,INFO    ,OK        : ZW    : 201712: -2 : Position is OK
20170221 12:58:36AM,Downloads,DEBUG   ,
20170221 12:58:36AM,Downloads,ERROR   ,SELL      : FLKTB 201703: Sell 1 contracts
20170221 01:17:17AM,Downloads,DEBUG   ,
20170221 01:17:17AM,Downloads,INFO    ,OK        : AUD   : 201703: 1  : Position is OK
20170221 01:17:17AM,Downloads,INFO    ,OK        : GBM   : 201703: 4  : Position is OK
20170221 01:17:17AM,Downloads,INFO    ,OK        : GBL   : 201703: 1  : Position is OK
20170221 01:17:17AM,Downloads,INFO    ,OK        : ZC    : 201712: -1 : Position is OK
20170221 01:17:17AM,Downloads,INFO    ,OK        : NG    : 201704: -2 : Position is OK
20170221 01:17:17AM,Downloads,INFO    ,OK        : GBP   : 201703: -1 : Position is OK
20170221 01:17:17AM,Downloads,INFO    ,OK        : JPY   : 201703: -1 : Position is OK
20170221 01:17:17AM,Downloads,INFO    ,OK        : K200  : 201703: 1  : Position is OK
20170221 01:17:17AM,Downloads,INFO    ,OK        : FLKTB : 201703: -2 : Position is OK
20170221 01:17:17AM,Downloads,INFO    ,OK        : 3KTB  : 201703: -4 : Position is OK
20170221 01:17:17AM,Downloads,INFO    ,OK        : HE    : 201706: 2  : Position is OK
20170221 01:17:17AM,Downloads,INFO    ,OK        : LE    : 201710: -1 : Position is OK
20170221 01:17:17AM,Downloads,INFO    ,OK        : MXP   : 201703: 2  : Position is OK
20170221 01:17:17AM,Downloads,INFO    ,OK        : NQ    : 201703: 1  : Position is OK
20170221 01:17:17AM,Downloads,INFO    ,OK        : ZS    : 201711: 2  : Position is OK
20170221 01:17:17AM,Downloads,INFO    ,OK        : ZT    : 201703: 2  : Position is OK
20170221 01:17:17AM,Downloads,INFO    ,OK        : V2TX  : 201704: -12: Position is OK
20170221 01:17:17AM,Downloads,INFO    ,OK        : VIX   : 201704: -3 : Position is OK
20170221 01:17:17AM,Downloads,INFO    ,OK        : ZW    : 201712: -2 : Position is OK
20170221 01:17:17AM,Downloads,DEBUG   ,
